<?xml version="1.0" encoding="UTF-8"?>
<!-- Generated by org.testng.reporters.JUnitXMLReporter -->
<testsuite hostname="DESKTOP-QT8RIA1" ignored="0" name="Test" tests="7" failures="0" timestamp="2020-05-17T12:17:51 IST" time="139.347" errors="0">
  <testcase name="loginPageTitleTest" time="0.057" classname="com.crm.qa.testcases.LoginPageTest"/>
  <testcase name="loginPageCRMImageTest" time="0.367" classname="com.crm.qa.testcases.LoginPageTest"/>
  <testcase name="loginTest" time="7.342" classname="com.crm.qa.testcases.LoginPageTest"/>
  <testcase name="verifyHomePageTitleTest" time="0.015" classname="com.crm.qa.testcases.HomePageTest"/>
  <testcase name="verifyUsernameTest" time="0.299" classname="com.crm.qa.testcases.HomePageTest"/>
  <testcase name="verifyContactsLinkTest" time="1.529" classname="com.crm.qa.testcases.HomePageTest"/>
  <testcase name="verifyContactsPageLabelTest" time="0.055" classname="com.crm.qa.testcases.ContactsPageTest"/>
</testsuite> <!-- Test -->
